<?xml version="1.0" encoding="UTF-8"?>
<!-- Generated by org.testng.reporters.JUnitReportReporter -->
<testsuite hostname="LIN73000821" failures="0" tests="2" name="CucumberOptions.TestNGrunner" time="0.171" errors="0" timestamp="2023-06-01T01:41:25 IST" skipped="0">
  <testcase classname="CucumberOptions.TestNGrunner" name="runScenario" time="0.153"/>
  <system-out/>
  <testcase classname="CucumberOptions.TestNGrunner" name="runScenario" time="0.018"/>
  <system-out/>
</testsuite> <!-- CucumberOptions.TestNGrunner -->
